{
  "stats": {
    "suites": 7,
    "tests": 18,
    "passes": 6,
    "pending": 0,
    "failures": 12,
    "start": "2022-10-18T05:14:07.101Z",
    "end": "2022-10-18T05:15:07.121Z",
    "duration": 60020,
    "testsRegistered": 18,
    "passPercent": 33.33333333333333,
    "pendingPercent": 0,
    "other": 0,
    "hasOther": false,
    "skipped": 0,
    "hasSkipped": false
  },
  "results": [
    {
      "uuid": "07822637-1a97-476d-9b8c-e9f3d462b365",
      "title": "",
      "fullFile": "cypress\\e2e\\public.cy.js",
      "file": "cypress\\e2e\\public.cy.js",
      "beforeHooks": [],
      "afterHooks": [],
      "tests": [],
      "suites": [
        {
          "uuid": "81751236-2a45-4a90-8923-3a6edd9113d5",
          "title": "Hack#1 Public Test",
          "fullFile": "",
          "file": "",
          "beforeHooks": [],
          "afterHooks": [],
          "tests": [],
          "suites": [
            {
              "uuid": "2cdc54ad-bc71-4848-8ea7-4dcd589cd53a",
              "title": "Problem 1",
              "fullFile": "",
              "file": "",
              "beforeHooks": [],
              "afterHooks": [],
              "tests": [
                {
                  "title": "1-1 Keyboard-container exists and the third row is correct",
                  "fullTitle": "Hack#1 Public Test Problem 1 1-1 Keyboard-container exists and the third row is correct",
                  "timedOut": null,
                  "duration": 416,
                  "state": "passed",
                  "speed": "fast",
                  "pass": true,
                  "fail": false,
                  "pending": false,
                  "context": null,
                  "code": "cy.get('.Keyboard-container').should('be.visible');",
                  "err": {},
                  "uuid": "0696dc74-4e2e-4007-ab60-8fa147953c75",
                  "parentUUID": "2cdc54ad-bc71-4848-8ea7-4dcd589cd53a",
                  "isHook": false,
                  "skipped": false
                },
                {
                  "title": "1-2-1 Keyboard-container first row correct",
                  "fullTitle": "Hack#1 Public Test Problem 1 1-2-1 Keyboard-container first row correct",
                  "timedOut": null,
                  "duration": 192,
                  "state": "passed",
                  "speed": "fast",
                  "pass": true,
                  "fail": false,
                  "pending": false,
                  "context": null,
                  "code": "const chars = 'q w e r t y u i o p'.split(' ');\ncy.get('.Keyboard-container > #KBrow_1').should('have.class', 'Keyboard-row').children().should('have.length', 10);\ncy.get('.Keyboard-container > #KBrow_1').children().each(($el, index) => {\n  cy.wrap($el).should('have.text', chars[index]).should('have.id', 'char_' + chars[index]);\n});",
                  "err": {},
                  "uuid": "79318325-ad9a-4820-a612-498a06da147f",
                  "parentUUID": "2cdc54ad-bc71-4848-8ea7-4dcd589cd53a",
                  "isHook": false,
                  "skipped": false
                },
                {
                  "title": "1-2-2 Keyboard-container second row correct",
                  "fullTitle": "Hack#1 Public Test Problem 1 1-2-2 Keyboard-container second row correct",
                  "timedOut": null,
                  "duration": 182,
                  "state": "passed",
                  "speed": "fast",
                  "pass": true,
                  "fail": false,
                  "pending": false,
                  "context": null,
                  "code": "const chars = 'a s d f g h j k l'.split(' ');\ncy.get('.Keyboard-container > #KBrow_2').should('have.class', 'Keyboard-row').children().should('have.length', 9);\ncy.get('.Keyboard-container > #KBrow_2').children().each(($el, index) => {\n  cy.wrap($el).should('have.text', chars[index]).should('have.id', 'char_' + chars[index]);\n});",
                  "err": {},
                  "uuid": "554ca348-5caa-45ef-a633-fb2c68e2ab18",
                  "parentUUID": "2cdc54ad-bc71-4848-8ea7-4dcd589cd53a",
                  "isHook": false,
                  "skipped": false
                }
              ],
              "suites": [],
              "passes": [
                "0696dc74-4e2e-4007-ab60-8fa147953c75",
                "79318325-ad9a-4820-a612-498a06da147f",
                "554ca348-5caa-45ef-a633-fb2c68e2ab18"
              ],
              "failures": [],
              "pending": [],
              "skipped": [],
              "duration": 790,
              "root": false,
              "rootEmpty": false,
              "_timeout": 2000
            },
            {
              "uuid": "9030b817-74e0-4851-886f-477c617c7b49",
              "title": "Problem 2",
              "fullFile": "",
              "file": "",
              "beforeHooks": [],
              "afterHooks": [],
              "tests": [
                {
                  "title": "2-1 Board-container exists",
                  "fullTitle": "Hack#1 Public Test Problem 2 2-1 Board-container exists",
                  "timedOut": null,
                  "duration": 75,
                  "state": "passed",
                  "speed": "fast",
                  "pass": true,
                  "fail": false,
                  "pending": false,
                  "context": null,
                  "code": "cy.get('.Board-container').should('be.visible');",
                  "err": {},
                  "uuid": "5187d320-4907-4e5a-9ee2-a2eda36a912f",
                  "parentUUID": "9030b817-74e0-4851-886f-477c617c7b49",
                  "isHook": false,
                  "skipped": false
                },
                {
                  "title": "2-2-1 There are six Row-containers",
                  "fullTitle": "Hack#1 Public Test Problem 2 2-2-1 There are six Row-containers",
                  "timedOut": null,
                  "duration": 77,
                  "state": "passed",
                  "speed": "fast",
                  "pass": true,
                  "fail": false,
                  "pending": false,
                  "context": null,
                  "code": "cy.get('.Board-container > .Row-container').should('have.length', 6);",
                  "err": {},
                  "uuid": "72229ed7-3702-46e1-b099-6d3f5c9e564d",
                  "parentUUID": "9030b817-74e0-4851-886f-477c617c7b49",
                  "isHook": false,
                  "skipped": false
                },
                {
                  "title": "2-2-2 CurRow is at the first row",
                  "fullTitle": "Hack#1 Public Test Problem 2 2-2-2 CurRow is at the first row",
                  "timedOut": null,
                  "duration": 4086,
                  "state": "failed",
                  "speed": null,
                  "pass": false,
                  "fail": true,
                  "pending": false,
                  "context": null,
                  "code": "cy.get('.Board-container > .Row-container').children().eq(0).should('have.class', 'current');",
                  "err": {
                    "message": "AssertionError: Timed out retrying after 4000ms: expected '<div.Row-wrapper>' to have class 'current'",
                    "estack": "AssertionError: Timed out retrying after 4000ms: expected '<div.Row-wrapper>' to have class 'current'\n    at Context.eval (webpack:///./cypress/e2e/public.cy.js:59:13)",
                    "diff": null
                  },
                  "uuid": "d5b09381-c56f-42d6-b413-af4daa5ce898",
                  "parentUUID": "9030b817-74e0-4851-886f-477c617c7b49",
                  "isHook": false,
                  "skipped": false
                }
              ],
              "suites": [],
              "passes": [
                "5187d320-4907-4e5a-9ee2-a2eda36a912f",
                "72229ed7-3702-46e1-b099-6d3f5c9e564d"
              ],
              "failures": [
                "d5b09381-c56f-42d6-b413-af4daa5ce898"
              ],
              "pending": [],
              "skipped": [],
              "duration": 4238,
              "root": false,
              "rootEmpty": false,
              "_timeout": 2000
            },
            {
              "uuid": "54d94936-8dc3-4032-b848-e0c6decdc602",
              "title": "Problem 3",
              "fullFile": "",
              "file": "",
              "beforeHooks": [],
              "afterHooks": [],
              "tests": [
                {
                  "title": "3-1 curGuess is rendered onto CurRow",
                  "fullTitle": "Hack#1 Public Test Problem 3 3-1 curGuess is rendered onto CurRow",
                  "timedOut": null,
                  "duration": 4187,
                  "state": "failed",
                  "speed": null,
                  "pass": false,
                  "fail": true,
                  "pending": false,
                  "context": null,
                  "code": "cy.get('body').type('{a}');\ncy.get('.Row-wrapper.current').children().eq(0).should('have.text', 'a').and('have.id', '0-0');\ncy.get('body').type('{b}').type('{c}').type('{e}');\ncy.get('.Row-wrapper.current').children().eq(1).should('have.text', 'b').and('have.id', '0-1');\ncy.get('.Row-wrapper.current').children().eq(2).should('have.text', 'c').and('have.id', '0-2');\ncy.get('.Row-wrapper.current').children().eq(3).should('have.text', 'e').and('have.id', '0-3');",
                  "err": {
                    "message": "AssertionError: Timed out retrying after 4000ms: expected '<div#4-0.Row-wordbox.filled>' to have id '0-0'",
                    "estack": "AssertionError: Timed out retrying after 4000ms: expected '<div#4-0.Row-wordbox.filled>' to have id '0-0'\n    at Context.eval (webpack:///./cypress/e2e/public.cy.js:69:38)",
                    "diff": null
                  },
                  "uuid": "d11af786-2f90-43de-8d87-e617f3df0618",
                  "parentUUID": "54d94936-8dc3-4032-b848-e0c6decdc602",
                  "isHook": false,
                  "skipped": false
                },
                {
                  "title": "3-2 Type more than 5 letters",
                  "fullTitle": "Hack#1 Public Test Problem 3 3-2 Type more than 5 letters",
                  "timedOut": null,
                  "duration": 4561,
                  "state": "failed",
                  "speed": null,
                  "pass": false,
                  "fail": true,
                  "pending": false,
                  "context": null,
                  "code": "const test = ['a', 'b', 'c', 'd', 'e', 'f'];\nfor (let i = 0; i < test.length; i += 1) {\n  cy.get('body').type(`{${test[i]}}`);\n}\ncy.get('.Row-wrapper.current').children().each(($el, index) => {\n  cy.wrap($el).should('have.text', test[index]).and('have.id', '0-' + index);\n});",
                  "err": {
                    "message": "AssertionError: Timed out retrying after 4000ms: expected '<div#4-0.Row-wordbox.filled>' to have id '0-0'",
                    "estack": "AssertionError: Timed out retrying after 4000ms: expected '<div#4-0.Row-wordbox.filled>' to have id '0-0'\n    at Context.eval (webpack:///./cypress/e2e/public.cy.js:83:62)",
                    "diff": null
                  },
                  "uuid": "cec565d3-78f7-4a93-9da7-25ec100594d4",
                  "parentUUID": "54d94936-8dc3-4032-b848-e0c6decdc602",
                  "isHook": false,
                  "skipped": false
                },
                {
                  "title": "3-3 Backspace is working",
                  "fullTitle": "Hack#1 Public Test Problem 3 3-3 Backspace is working",
                  "timedOut": null,
                  "duration": 4644,
                  "state": "failed",
                  "speed": null,
                  "pass": false,
                  "fail": true,
                  "pending": false,
                  "context": null,
                  "code": "const test = ['z', 'x', 'c', 'v', 'backspace', 'b', 'n'];\nconst ans = ['z', 'x', 'c', 'b', 'n'];\nfor (let i = 0; i < test.length; i += 1) {\n  cy.get('body').type(`{${test[i]}}`);\n}\ncy.get('.Row-wrapper.current').children().each(($el, index) => {\n  cy.wrap($el).should('have.text', ans[index]);\n});",
                  "err": {
                    "message": "AssertionError: Timed out retrying after 4000ms: expected '<div#4-0.Row-wordbox.filled>' to have text 'z', but the text was 'a'",
                    "estack": "AssertionError: Timed out retrying after 4000ms: expected '<div#4-0.Row-wordbox.filled>' to have text 'z', but the text was 'a'\n    at Context.eval (webpack:///./cypress/e2e/public.cy.js:95:29)",
                    "diff": "- 'a'\n+ 'z'\n"
                  },
                  "uuid": "f1d618dc-eac1-4416-948f-2911391d59af",
                  "parentUUID": "54d94936-8dc3-4032-b848-e0c6decdc602",
                  "isHook": false,
                  "skipped": false
                },
                {
                  "title": "3-4 Filled wordboxes should have class filled",
                  "fullTitle": "Hack#1 Public Test Problem 3 3-4 Filled wordboxes should have class filled",
                  "timedOut": null,
                  "duration": 4270,
                  "state": "failed",
                  "speed": null,
                  "pass": false,
                  "fail": true,
                  "pending": false,
                  "context": null,
                  "code": "cy.get('.Row-wrapper.current').children().each(($el, index) => {\n  cy.wrap($el).not('have.class', 'filled');\n});\ncy.get('body').type('{z}').type('{x}');\ncy.get('.Row-wrapper.current').children().each(($el, index) => {\n  if (index < 2) {\n    if (index == 0) cy.wrap($el).should('have.text', 'z').and('have.class', 'filled');else if (index == 1) cy.wrap($el).should('have.text', 'x').and('have.class', 'filled');\n  } else {\n    cy.wrap($el).not('have.class', 'filled');\n    cy.wrap($el).should('have.text', '');\n  }\n});",
                  "err": {
                    "message": "AssertionError: Timed out retrying after 4000ms: expected '<div#4-0.Row-wordbox.filled>' to have text 'z', but the text was 'a'",
                    "estack": "AssertionError: Timed out retrying after 4000ms: expected '<div#4-0.Row-wordbox.filled>' to have text 'z', but the text was 'a'\n    at Context.eval (webpack:///./cypress/e2e/public.cy.js:111:48)",
                    "diff": "- 'a'\n+ 'z'\n"
                  },
                  "uuid": "4a20ae85-621b-43e6-ace9-f5a0d356d614",
                  "parentUUID": "54d94936-8dc3-4032-b848-e0c6decdc602",
                  "isHook": false,
                  "skipped": false
                }
              ],
              "suites": [],
              "passes": [],
              "failures": [
                "d11af786-2f90-43de-8d87-e617f3df0618",
                "cec565d3-78f7-4a93-9da7-25ec100594d4",
                "f1d618dc-eac1-4416-948f-2911391d59af",
                "4a20ae85-621b-43e6-ace9-f5a0d356d614"
              ],
              "pending": [],
              "skipped": [],
              "duration": 17662,
              "root": false,
              "rootEmpty": false,
              "_timeout": 2000
            },
            {
              "uuid": "5ea6c7f7-81e1-42a2-80ad-6cb7af5655cd",
              "title": "Problem 4",
              "fullFile": "",
              "file": "",
              "beforeHooks": [],
              "afterHooks": [],
              "tests": [
                {
                  "title": "4-1 CurRow change after pressing enter",
                  "fullTitle": "Hack#1 Public Test Problem 4 4-1 CurRow change after pressing enter",
                  "timedOut": null,
                  "duration": 613,
                  "state": "passed",
                  "speed": "fast",
                  "pass": true,
                  "fail": false,
                  "pending": false,
                  "context": null,
                  "code": "const test = ['a', 'b', 'c', 'd', 'e', 'enter'];\nfor (let i = 0; i < test.length; i += 1) {\n  cy.get('body').type(`{${test[i]}}`);\n}\ncy.get('.Board-container').children().eq(0).get('.Row-wrapper').not('have.class', 'current');\ncy.get('.Board-container').children().eq(1).get('.Row-wrapper').should('have.class', 'current');",
                  "err": {},
                  "uuid": "95ce6923-e056-405f-a3c6-cd4edf6cfbd7",
                  "parentUUID": "5ea6c7f7-81e1-42a2-80ad-6cb7af5655cd",
                  "isHook": false,
                  "skipped": false
                },
                {
                  "title": "4-2 Green rendered correctly (only one line)",
                  "fullTitle": "Hack#1 Public Test Problem 4 4-2 Green rendered correctly (only one line)",
                  "timedOut": null,
                  "duration": 4515,
                  "state": "failed",
                  "speed": null,
                  "pass": false,
                  "fail": true,
                  "pending": false,
                  "context": null,
                  "code": "const test = ['m', 'a', 'n', 'a', 's', 'enter'];\nconst answer = ['green', 'grey', 'green', 'grey', 'green'];\nfor (let i = 0; i < test.length; i += 1) {\n  cy.get('body').type(`{${test[i]}}`);\n}\ncy.get('.Board-container > .Row-container > .Row-wrapper').eq(0).children().each(($el, index) => {\n  cy.wrap($el).should('have.class', answer[index]).and('have.text', test[index]);\n});",
                  "err": {
                    "message": "AssertionError: Timed out retrying after 4000ms: expected '<div#0-0.Row-wordbox>' to have class 'green'",
                    "estack": "AssertionError: Timed out retrying after 4000ms: expected '<div#0-0.Row-wordbox>' to have class 'green'\n    at Context.eval (webpack:///./cypress/e2e/public.cy.js:147:29)",
                    "diff": null
                  },
                  "uuid": "e52c1172-a70e-4d80-b42c-93dd48236077",
                  "parentUUID": "5ea6c7f7-81e1-42a2-80ad-6cb7af5655cd",
                  "isHook": false,
                  "skipped": false
                },
                {
                  "title": "4-3 Green and yellow rendered correctly (only one line)",
                  "fullTitle": "Hack#1 Public Test Problem 4 4-3 Green and yellow rendered correctly (only one line)",
                  "timedOut": null,
                  "duration": 4555,
                  "state": "failed",
                  "speed": null,
                  "pass": false,
                  "fail": true,
                  "pending": false,
                  "context": null,
                  "code": "const test = ['a', 'i', 'u', 'b', 'm', 'enter'];\nconst answer = ['grey', 'green', 'yellow', 'grey', 'yellow'];\nfor (let i = 0; i < test.length; i += 1) {\n  cy.get('body').type(`{${test[i]}}`);\n}\ncy.get('.Board-container > .Row-container > .Row-wrapper').eq(0).children().each(($el, index) => {\n  cy.wrap($el).should('have.class', answer[index]).and('have.text', test[index]);\n});",
                  "err": {
                    "message": "AssertionError: Timed out retrying after 4000ms: expected '<div#0-0.Row-wordbox>' to have class 'grey'",
                    "estack": "AssertionError: Timed out retrying after 4000ms: expected '<div#0-0.Row-wordbox>' to have class 'grey'\n    at Context.eval (webpack:///./cypress/e2e/public.cy.js:159:29)",
                    "diff": null
                  },
                  "uuid": "eacdaded-9d7b-47b0-86f7-6ca71da0a35b",
                  "parentUUID": "5ea6c7f7-81e1-42a2-80ad-6cb7af5655cd",
                  "isHook": false,
                  "skipped": false
                },
                {
                  "title": "4-4 Multiple Lines Test",
                  "fullTitle": "Hack#1 Public Test Problem 4 4-4 Multiple Lines Test",
                  "timedOut": null,
                  "duration": 6440,
                  "state": "failed",
                  "speed": null,
                  "pass": false,
                  "fail": true,
                  "pending": false,
                  "context": null,
                  "code": "const tests = [['z', 'x', 'c', 'v', 'b', 'enter'], ['m', 'a', 'b', 'c', 'u', 'enter'], ['b', 'a', 'n', 'f', 's', 'enter'], ['m', 'u', 'n', 'a', 's', 'enter'], ['m', 'i', 'n', 'u', 's', 'enter']];\nconst answers = [['grey', 'grey', 'grey', 'grey', 'grey'], ['green', 'grey', 'grey', 'grey', 'yellow'], ['grey', 'grey', 'green', 'grey', 'green'], ['green', 'yellow', 'green', 'grey', 'green'], ['green', 'green', 'green', 'green', 'green']];\nfor (let line = 0; line < tests.length; line += 1) {\n  for (let i = 0; i < tests[0].length; i += 1) {\n    cy.get('body').type(`{${tests[line][i]}}`);\n  }\n}\ncy.get('.Board-container').children().each(($el, line) => {\n  if (line < answers.length) {\n    cy.wrap($el).children().eq(0).children().each(($el, i) => {\n      cy.wrap($el).should('have.text', tests[line][i]).should('have.class', answers[line][i]).should('have.id', line + '-' + i);\n    });\n  }\n});",
                  "err": {
                    "message": "AssertionError: Timed out retrying after 4000ms: expected '<div#0-0.Row-wordbox>' to have text 'z', but the text was 'a'",
                    "estack": "AssertionError: Timed out retrying after 4000ms: expected '<div#0-0.Row-wordbox>' to have text 'z', but the text was 'a'\n    at Context.eval (webpack:///./cypress/e2e/public.cy.js:191:25)",
                    "diff": "- 'a'\n+ 'z'\n"
                  },
                  "uuid": "294786c2-4887-41f5-925f-1f67c4cd24fb",
                  "parentUUID": "5ea6c7f7-81e1-42a2-80ad-6cb7af5655cd",
                  "isHook": false,
                  "skipped": false
                }
              ],
              "suites": [],
              "passes": [
                "95ce6923-e056-405f-a3c6-cd4edf6cfbd7"
              ],
              "failures": [
                "e52c1172-a70e-4d80-b42c-93dd48236077",
                "eacdaded-9d7b-47b0-86f7-6ca71da0a35b",
                "294786c2-4887-41f5-925f-1f67c4cd24fb"
              ],
              "pending": [],
              "skipped": [],
              "duration": 16123,
              "root": false,
              "rootEmpty": false,
              "_timeout": 2000
            },
            {
              "uuid": "6d052a2c-9868-43f4-bc47-6118cc33543d",
              "title": "Problem 5",
              "fullFile": "",
              "file": "",
              "beforeHooks": [],
              "afterHooks": [],
              "tests": [
                {
                  "title": "5-1 Render green correctly",
                  "fullTitle": "Hack#1 Public Test Problem 5 5-1 Render green correctly",
                  "timedOut": null,
                  "duration": 4598,
                  "state": "failed",
                  "speed": null,
                  "pass": false,
                  "fail": true,
                  "pending": false,
                  "context": null,
                  "code": "const test = ['m', 'a', 'n', 'b', 'c', 'enter'];\nfor (let i = 0; i < test.length; i += 1) {\n  cy.get('body').type(`{${test[i]}}`);\n}\ncy.get('.Keyboard-container > .Keyboard-row > #char_n').should('have.class', 'green').and('have.text', 'n');\ncy.get('.Keyboard-container > .Keyboard-row > #char_m').should('have.class', 'green').and('have.text', 'm');\ncy.get('.Keyboard-container > .Keyboard-row > #char_a').should('have.text', 'a').not('have.class', 'green').not('have.class', 'yellow');\ncy.get('.Keyboard-container > .Keyboard-row > #char_b').should('have.text', 'b').not('have.class', 'green').not('have.class', 'yellow');\ncy.get('.Keyboard-container > .Keyboard-row > #char_c').should('have.text', 'c').not('have.class', 'green').not('have.class', 'yellow');",
                  "err": {
                    "message": "AssertionError: Timed out retrying after 4000ms: expected '<div#char_n.Keyboard-char.undefined>' to have class 'green'",
                    "estack": "AssertionError: Timed out retrying after 4000ms: expected '<div#char_n.Keyboard-char.undefined>' to have class 'green'\n    at Context.eval (webpack:///./cypress/e2e/public.cy.js:207:68)",
                    "diff": null
                  },
                  "uuid": "dbebac4e-56e4-49d2-81b7-15201551cf6f",
                  "parentUUID": "6d052a2c-9868-43f4-bc47-6118cc33543d",
                  "isHook": false,
                  "skipped": false
                },
                {
                  "title": "5-2 Multiple Lines",
                  "fullTitle": "Hack#1 Public Test Problem 5 5-2 Multiple Lines",
                  "timedOut": null,
                  "duration": 5402,
                  "state": "failed",
                  "speed": null,
                  "pass": false,
                  "fail": true,
                  "pending": false,
                  "context": null,
                  "code": "const tests = [['a', 'b', 'c', 'e', 'f', 'enter'], ['n', 'b', 'c', 'e', 'f', 'enter'], ['m', 'n', 'c', 'e', 'f', 'enter'], ['m', 'u', 'n', 'e', 'f', 'enter'], ['m', 'u', 'n', 's', 'i', 'enter'], ['a', 'b', 'c', 'e', 'f', 'enter']]; // key match with \"w i n d y\"\nconst key_match = [['', '', '', '', ''], ['', '', 'yellow', '', ''], ['green', '', 'yellow', '', ''], ['green', '', 'green', 'yellow', ''], ['green', 'yellow', 'green', 'yellow', 'yellow'], ['green', 'yellow', 'green', 'yellow', 'yellow']];\nfor (let line = 0; line < tests.length; line += 1) {\n  for (let i = 0; i < tests[0].length; i += 1) {\n    cy.get('body').type(`{${tests[line][i]}}`);\n  }\n  for (let i = 0; i < KBrow_1.length; i++) {\n    if (!solList.includes(KBrow_1[i])) {\n      cy.get('.Keyboard-container > #KBrow_1 > #char_' + KBrow_1[i]).should('have.text', KBrow_1[i]).not('have.class', 'green').not('have.class', 'yellow');\n    } else {\n      if (key_match[line][solList.indexOf(KBrow_1[i])]) {\n        cy.get('.Keyboard-container > #KBrow_1 > #char_' + KBrow_1[i]).should('have.text', KBrow_1[i]).and('have.class', key_match[line][solList.indexOf(KBrow_1[i])]);\n      } else {\n        cy.get('.Keyboard-container > #KBrow_1 > #char_' + KBrow_1[i]).should('have.text', KBrow_1[i]).not('have.class', 'green').not('have.class', 'yellow');\n      }\n    }\n  }\n  for (let i = 0; i < KBrow_2.length; i++) {\n    if (!solList.includes(KBrow_2[i])) {\n      cy.get('.Keyboard-container > #KBrow_2 > #char_' + KBrow_2[i]).should('have.text', KBrow_2[i]).not('have.class', 'green').not('have.class', 'yellow');\n    } else {\n      if (key_match[line][solList.indexOf(KBrow_2[i])]) {\n        cy.get('.Keyboard-container > #KBrow_2 > #char_' + KBrow_2[i]).should('have.text', KBrow_2[i]).and('have.class', key_match[line][solList.indexOf(KBrow_2[i])]);\n      } else {\n        cy.get('.Keyboard-container > #KBrow_2 > #char_' + KBrow_2[i]).should('have.text', KBrow_2[i]).not('have.class', 'green').not('have.class', 'yellow');\n      }\n    }\n  }\n  for (let i = 0; i < KBrow_3.length; i++) {\n    if (!solList.includes(KBrow_3[i])) {\n      cy.get('.Keyboard-container > #KBrow_3 > #char_' + KBrow_3[i]).should('have.text', KBrow_3[i]).not('have.class', 'green').not('have.class', 'yellow');\n    } else {\n      if (key_match[line][solList.indexOf(KBrow_3[i])]) {\n        cy.get('.Keyboard-container > #KBrow_3 > #char_' + KBrow_3[i]).should('have.text', KBrow_3[i]).and('have.class', key_match[line][solList.indexOf(KBrow_3[i])]);\n      } else {\n        cy.get('.Keyboard-container > #KBrow_3 > #char_' + KBrow_3[i]).should('have.text', KBrow_3[i]).not('have.class', 'green').not('have.class', 'yellow');\n      }\n    }\n  }\n}",
                  "err": {
                    "message": "AssertionError: Timed out retrying after 4000ms: expected '<div#char_n.Keyboard-char.undefined>' to have class 'yellow'",
                    "estack": "AssertionError: Timed out retrying after 4000ms: expected '<div#char_n.Keyboard-char.undefined>' to have class 'yellow'\n    at Context.eval (webpack:///./cypress/e2e/public.cy.js:293:29)",
                    "diff": null
                  },
                  "uuid": "e5c77d0f-3e82-4aca-b5c1-21e113576397",
                  "parentUUID": "6d052a2c-9868-43f4-bc47-6118cc33543d",
                  "isHook": false,
                  "skipped": false
                }
              ],
              "suites": [],
              "passes": [],
              "failures": [
                "dbebac4e-56e4-49d2-81b7-15201551cf6f",
                "e5c77d0f-3e82-4aca-b5c1-21e113576397"
              ],
              "pending": [],
              "skipped": [],
              "duration": 10000,
              "root": false,
              "rootEmpty": false,
              "_timeout": 2000
            },
            {
              "uuid": "31025441-7ccd-4023-b2ed-a1e606c6ef62",
              "title": "Problem 6",
              "fullFile": "",
              "file": "",
              "beforeHooks": [],
              "afterHooks": [],
              "tests": [
                {
                  "title": "6-1 Show winning info",
                  "fullTitle": "Hack#1 Public Test Problem 6 6-1 Show winning info",
                  "timedOut": null,
                  "duration": 4611,
                  "state": "failed",
                  "speed": null,
                  "pass": false,
                  "fail": true,
                  "pending": false,
                  "context": null,
                  "code": "const tests = [['a', 'b', 'c', 'e', 'f', 'enter'], ['n', 'b', 'c', 'e', 'f', 'enter'], ['m', 'n', 'c', 'e', 'f', 'enter'], ['m', 'u', 'n', 's', 'i', 'enter'], ['m', 'i', 'n', 'u', 's', 'enter']];\nfor (let line = 0; line < tests.length; line += 1) {\n  for (let i = 0; i < tests[0].length; i += 1) {\n    cy.get('body').type(`{${tests[line][i]}}`);\n  }\n  if (line != tests.length - 1) {\n    cy.get('.Wordle-lose').should('have.class', 'Hidden');\n  }\n}\ncy.get('.Wordle-win').should('have.text', 'You win!!!!');",
                  "err": {
                    "message": "AssertionError: Timed out retrying after 4000ms: Expected to find element: `.Wordle-lose`, but never found it.",
                    "estack": "AssertionError: Timed out retrying after 4000ms: Expected to find element: `.Wordle-lose`, but never found it.\n    at Context.eval (webpack:///./cypress/e2e/public.cy.js:321:43)",
                    "diff": null
                  },
                  "uuid": "16613376-9e58-48e2-af33-9f15670e5fcf",
                  "parentUUID": "31025441-7ccd-4023-b2ed-a1e606c6ef62",
                  "isHook": false,
                  "skipped": false
                },
                {
                  "title": "6-2 Show losing info",
                  "fullTitle": "Hack#1 Public Test Problem 6 6-2 Show losing info",
                  "timedOut": null,
                  "duration": 4747,
                  "state": "failed",
                  "speed": null,
                  "pass": false,
                  "fail": true,
                  "pending": false,
                  "context": null,
                  "code": "const tests = [['a', 'b', 'c', 'e', 'f', 'enter'], ['n', 'b', 'c', 'e', 'f', 'enter'], ['m', 'n', 'c', 'e', 'f', 'enter'], ['m', 'u', 'n', 'e', 'f', 'enter'], ['m', 'u', 'n', 's', 'i', 'enter'], ['a', 'b', 'c', 'e', 'f', 'enter']];\nfor (let line = 0; line < tests.length; line += 1) {\n  for (let i = 0; i < tests[0].length; i += 1) {\n    cy.get('body').type(`{${tests[line][i]}}`);\n  }\n  if (line != tests.length - 1) {\n    cy.get('.Wordle-lose').should('have.class', 'Hidden');\n  }\n}\ncy.get('.Wordle-lose').not('have.class', 'Hidden').should('have.text', 'You lose!!!! The answer is ' + solution + '.');",
                  "err": {
                    "message": "AssertionError: Timed out retrying after 4000ms: Expected to find element: `.Wordle-lose`, but never found it.",
                    "estack": "AssertionError: Timed out retrying after 4000ms: Expected to find element: `.Wordle-lose`, but never found it.\n    at Context.eval (webpack:///./cypress/e2e/public.cy.js:340:43)",
                    "diff": null
                  },
                  "uuid": "c1b9939d-019a-45db-8b31-7c9bb9d29deb",
                  "parentUUID": "31025441-7ccd-4023-b2ed-a1e606c6ef62",
                  "isHook": false,
                  "skipped": false
                }
              ],
              "suites": [],
              "passes": [],
              "failures": [
                "16613376-9e58-48e2-af33-9f15670e5fcf",
                "c1b9939d-019a-45db-8b31-7c9bb9d29deb"
              ],
              "pending": [],
              "skipped": [],
              "duration": 9358,
              "root": false,
              "rootEmpty": false,
              "_timeout": 2000
            }
          ],
          "passes": [],
          "failures": [],
          "pending": [],
          "skipped": [],
          "duration": 0,
          "root": false,
          "rootEmpty": false,
          "_timeout": 2000
        }
      ],
      "passes": [],
      "failures": [],
      "pending": [],
      "skipped": [],
      "duration": 0,
      "root": true,
      "rootEmpty": true,
      "_timeout": 2000
    }
  ],
  "meta": {
    "mocha": {
      "version": "7.0.1"
    },
    "mochawesome": {
      "options": {
        "quiet": false,
        "reportFilename": "mochawesome",
        "saveHtml": true,
        "saveJson": true,
        "consoleReporter": "spec",
        "useInlineDiffs": false,
        "code": true
      },
      "version": "7.1.3"
    },
    "marge": {
      "options": {
        "id": "default",
        "reportDir": "cypress/results",
        "overwrite": true,
        "html": true,
        "json": true
      },
      "version": "6.2.0"
    }
  }
}